{
  "stats": {
    "suites": 1,
    "tests": 3,
    "passes": 3,
    "pending": 0,
    "failures": 0,
    "start": "2024-07-08T16:39:04.609Z",
    "end": "2024-07-08T16:42:27.607Z",
    "duration": 202998,
    "testsRegistered": 3,
    "passPercent": 100,
    "pendingPercent": 0,
    "other": 0,
    "hasOther": false,
    "skipped": 0,
    "hasSkipped": false
  },
  "results": [
    {
      "uuid": "f21a3c7a-e036-4fb5-bb2e-3fefbbf52b34",
      "title": "",
      "fullFile": "C:\\Users\\kfouz\\Documents\\Codeceptjsautomation\\verivox-automation\\features\\verify_dsl_calculator.feature",
      "file": "\\features\\verify_dsl_calculator.feature",
      "beforeHooks": [],
      "afterHooks": [],
      "tests": [],
      "suites": [
        {
          "uuid": "31952a53-3d97-410d-b74f-5acd7f2bcda1",
          "title": "Verivox Privathaftpflicht calculator",
          "fullFile": "C:\\Users\\kfouz\\Documents\\Codeceptjsautomation\\verivox-automation\\features\\verify_dsl_calculator.feature",
          "file": "\\features\\verify_dsl_calculator.feature",
          "beforeHooks": [
            {
              "title": "\"before all\" hook: codeceptjs.beforeSuite in \"Verivox Privathaftpflicht calculator\"",
              "fullTitle": "Verivox Privathaftpflicht calculator \"before all\" hook: codeceptjs.beforeSuite in \"Verivox Privathaftpflicht calculator\"",
              "timedOut": false,
              "duration": 1661,
              "state": null,
              "speed": null,
              "pass": false,
              "fail": false,
              "pending": false,
              "context": null,
              "code": "scenario.suiteSetup(suite)",
              "err": {},
              "uuid": "53391ecf-d541-4f2d-b333-42f0faf91e9e",
              "parentUUID": "31952a53-3d97-410d-b74f-5acd7f2bcda1",
              "isHook": true,
              "skipped": false
            },
            {
              "title": "\"before each\" hook: codeceptjs.before in \"Verivox Privathaftpflicht calculator\"",
              "fullTitle": "Verivox Privathaftpflicht calculator \"before each\" hook: codeceptjs.before in \"Verivox Privathaftpflicht calculator\"",
              "timedOut": false,
              "duration": 1472,
              "state": null,
              "speed": null,
              "pass": false,
              "fail": false,
              "pending": false,
              "context": null,
              "code": "scenario.setup(suite)",
              "err": {},
              "uuid": "e3327a86-2d18-4461-b39d-01adc3220aa4",
              "parentUUID": "31952a53-3d97-410d-b74f-5acd7f2bcda1",
              "isHook": true,
              "skipped": false
            }
          ],
          "afterHooks": [
            {
              "title": "\"after all\" hook: codeceptjs.afterSuite in \"Verivox Privathaftpflicht calculator\"",
              "fullTitle": "Verivox Privathaftpflicht calculator \"after all\" hook: codeceptjs.afterSuite in \"Verivox Privathaftpflicht calculator\"",
              "timedOut": false,
              "duration": 148,
              "state": null,
              "speed": null,
              "pass": false,
              "fail": false,
              "pending": false,
              "context": null,
              "code": "scenario.suiteTeardown(suite)",
              "err": {},
              "uuid": "18c74486-0cd8-4df2-a4eb-f59033482239",
              "parentUUID": "31952a53-3d97-410d-b74f-5acd7f2bcda1",
              "isHook": true,
              "skipped": false
            },
            {
              "title": "\"after each\" hook: codeceptjs.after in \"Verivox Privathaftpflicht calculator\"",
              "fullTitle": "Verivox Privathaftpflicht calculator \"after each\" hook: codeceptjs.after in \"Verivox Privathaftpflicht calculator\"",
              "timedOut": false,
              "duration": 209,
              "state": null,
              "speed": null,
              "pass": false,
              "fail": false,
              "pending": false,
              "context": null,
              "code": "scenario.teardown(suite)",
              "err": {},
              "uuid": "3aa90d5c-4fb7-4b4e-ba77-e8259965f99b",
              "parentUUID": "31952a53-3d97-410d-b74f-5acd7f2bcda1",
              "isHook": true,
              "skipped": false
            }
          ],
          "tests": [
            {
              "title": "Verify the DSL calculator",
              "fullTitle": "Verivox Privathaftpflicht calculator Verify the DSL calculator",
              "timedOut": false,
              "duration": 62867,
              "state": "passed",
              "speed": "slow",
              "pass": true,
              "fail": false,
              "pending": false,
              "context": null,
              "code": "runSteps(child.scenario.steps)",
              "err": {},
              "uuid": "9dbda41d-6552-457e-8b7d-2c0ece53ee42",
              "parentUUID": "31952a53-3d97-410d-b74f-5acd7f2bcda1",
              "isHook": false,
              "skipped": false
            },
            {
              "title": "Load multiple tariff result pages",
              "fullTitle": "Verivox Privathaftpflicht calculator Load multiple tariff result pages",
              "timedOut": false,
              "duration": 65777,
              "state": "passed",
              "speed": "slow",
              "pass": true,
              "fail": false,
              "pending": false,
              "context": null,
              "code": "runSteps(child.scenario.steps)",
              "err": {},
              "uuid": "3f31771d-8b17-40de-89f0-8df028c99ff5",
              "parentUUID": "31952a53-3d97-410d-b74f-5acd7f2bcda1",
              "isHook": false,
              "skipped": false
            },
            {
              "title": "Verify offer details for a selected tariff",
              "fullTitle": "Verivox Privathaftpflicht calculator Verify offer details for a selected tariff",
              "timedOut": false,
              "duration": 67571,
              "state": "passed",
              "speed": "slow",
              "pass": true,
              "fail": false,
              "pending": false,
              "context": null,
              "code": "runSteps(child.scenario.steps)",
              "err": {},
              "uuid": "58d8b78b-f1fb-480d-a573-7817e1ca1d1a",
              "parentUUID": "31952a53-3d97-410d-b74f-5acd7f2bcda1",
              "isHook": false,
              "skipped": false
            }
          ],
          "suites": [],
          "passes": [
            "9dbda41d-6552-457e-8b7d-2c0ece53ee42",
            "3f31771d-8b17-40de-89f0-8df028c99ff5",
            "58d8b78b-f1fb-480d-a573-7817e1ca1d1a"
          ],
          "failures": [],
          "pending": [],
          "skipped": [],
          "duration": 196215,
          "root": false,
          "rootEmpty": false,
          "_timeout": 0
        }
      ],
      "passes": [],
      "failures": [],
      "pending": [],
      "skipped": [],
      "duration": 0,
      "root": true,
      "rootEmpty": true,
      "_timeout": 0
    }
  ],
  "meta": {
    "mocha": {
      "version": "10.4.0"
    },
    "mochawesome": {
      "options": {
        "quiet": false,
        "reportFilename": "mochawesome",
        "saveHtml": true,
        "saveJson": true,
        "consoleReporter": "spec",
        "useInlineDiffs": false,
        "code": true
      },
      "version": "7.1.3"
    },
    "marge": {
      "options": {
        "reportDir": "output"
      },
      "version": "6.2.0"
    }
  }
}